  Using /home/mosaic/kernel/JetPack_5.26.16/TX1/Linux_for_Tegra_tx1/sources/kernel_source as source for kernel
  GEN     /home/mosaic/kernel/builds/test7/Makefile
  CHK     include/generated/uapi/linux/version.h
  CHK     include/generated/utsrelease.h
make[2]: `include/generated/mach-types.h' is up to date.
  CALL    /home/mosaic/kernel/JetPack_5.26.16/TX1/Linux_for_Tegra_tx1/sources/kernel_source/scripts/checksyscalls.sh
  CC      scripts/mod/devicetable-offsets.s
  GEN     scripts/mod/devicetable-offsets.h
  HOSTCC  scripts/mod/file2alias.o
  HOSTLD  scripts/mod/modpost
  CHK     include/generated/compile.h
  VDSO32C arch/arm64/kernel/vdso32/vgettimeofday.o
  VDSO32L arch/arm64/kernel/vdso32/vdso32.so.dbg
  OBJCOPY arch/arm64/kernel/vdso32/vdso32.so
  AS      arch/arm64/kernel/vdso32/vdso32_wrapper.o
  LD      arch/arm64/kernel/vdso32/built-in.o
  CC      arch/arm64/kernel/arm64ksyms.o
  CC      arch/arm64/kernel/module.o
  CC      arch/arm64/kernel/smp.o
  CC      arch/arm64/kernel/smp_spin_table.o
  CC      arch/arm64/kernel/perf_regs.o
  CC      arch/arm64/kernel/perf_event.o
  CC      arch/arm64/kernel/hw_breakpoint.o
  CC      arch/arm64/kernel/early_printk.o
  AS      arch/arm64/kernel/sleep.o
  CC      arch/arm64/kernel/suspend.o
  LD      arch/arm64/kernel/built-in.o
  AS      arch/arm64/kernel/head.o
  LDS     arch/arm64/kernel/vmlinux.lds
  CC      arch/arm64/mm/dma-mapping.o
  CC      arch/arm64/mm/extable.o
  CC      arch/arm64/mm/fault.o
  CC      arch/arm64/mm/init.o
  AS      arch/arm64/mm/cache.o
  CC      arch/arm64/mm/copypage.o
  CC      arch/arm64/mm/flush.o
  CC      arch/arm64/mm/ioremap.o
  CC      arch/arm64/mm/mmap.o
  CC      arch/arm64/mm/pgd.o
  CC      arch/arm64/mm/mmu.o
  CC      arch/arm64/mm/context.o
  AS      arch/arm64/mm/tlb.o
  AS      arch/arm64/mm/proc.o
  CC      arch/arm64/mm/iomap.o
  LD      arch/arm64/mm/built-in.o
  AS      arch/arm64/mach-tegra/reset-handler.o
  AS      arch/arm64/mach-tegra/trampoline.o
  CC      arch/arm64/mach-tegra/panel-lgd-wxga-7-0.o
  CC      arch/arm64/mach-tegra/panel-p-wuxga-10-1.o
  CC      arch/arm64/mach-tegra/panel-s-wqxga-10-1.o
  CC      arch/arm64/mach-tegra/panel-s-wuxga-7-0.o
  CC      arch/arm64/mach-tegra/panel-s-wuxga-8-0.o
  CC      arch/arm64/mach-tegra/panel-a-1200-800-8-0.o
  CC      arch/arm64/mach-tegra/panel-a-1200-1920-8-0.o
  CC      arch/arm64/mach-tegra/panel-a-edp-1080p-14-0.o
  CC      arch/arm64/mach-tegra/panel-i-edp-1080p-11-6.o
  CC      arch/arm64/mach-tegra/panel-c-lvds-1366-14.o
  CC      arch/arm64/mach-tegra/panel-a-1080p-14-0.o
  CC      arch/arm64/mach-tegra/panel-j-1440-810-5-8.o
  CC      arch/arm64/mach-tegra/panel-l-720p-5-loki.o
  CC      arch/arm64/mach-tegra/panel-j-720p-5.o
  CC      arch/arm64/mach-tegra/panel-s-edp-uhdtv-15-6.o
  CC      arch/arm64/mach-tegra/panel-o-720p-6-0.o
  CC      arch/arm64/mach-tegra/panel-o-720p-6-0-01.o
  CC      arch/arm64/mach-tegra/board-touch-maxim_sti-spi.o
  CC      arch/arm64/mach-tegra/board-t210ref.o
  CC      arch/arm64/mach-tegra/board-t210ref-camera.o
  CC      arch/arm64/mach-tegra/tegra21_init.o
  CC      arch/arm64/mach-tegra/pm.o
  AS      arch/arm64/mach-tegra/sleep.o
  LD      arch/arm64/mach-tegra/built-in.o
  LD      arch/arm64/crypto/built-in.o
  CC      kernel/fork.o
  CC      kernel/exec_domain.o
  CC      kernel/panic.o
  CC      kernel/printk.o
  CC      kernel/cpu.o
  CC      kernel/exit.o
  CC      kernel/itimer.o
  HZFILE  kernel/hz.bc
  BC      kernel/timeconst.h
  CC      kernel/time.o
  CC      kernel/softirq.o
  CC      kernel/resource.o
  CC      kernel/sysctl.o
  CC      kernel/sysctl_binary.o
  CC      kernel/capability.o
  CC      kernel/ptrace.o
  CC      kernel/timer.o
  CC      kernel/user.o
  CC      kernel/signal.o
  CC      kernel/sys.o
  CC      kernel/kmod.o
  CC      kernel/workqueue.o
  CC      kernel/pid.o
  CC      kernel/task_work.o
  CC      kernel/rcupdate.o
  CC      kernel/extable.o
  CC      kernel/params.o
  CC      kernel/posix-timers.o
  CC      kernel/kthread.o
  CC      kernel/wait.o
  CC      kernel/sys_ni.o
  CC      kernel/posix-cpu-timers.o
  CC      kernel/mutex.o
  CC      kernel/hrtimer.o
  CC      kernel/rwsem.o
  CC      kernel/nsproxy.o
  CC      kernel/srcu.o
  CC      kernel/semaphore.o
  CC      kernel/notifier.o
  CC      kernel/ksysfs.o
  CC      kernel/cred.o
  CC      kernel/reboot.o
  CC      kernel/async.o
  CC      kernel/range.o
  CC      kernel/groups.o
  CC      kernel/lglock.o
  CC      kernel/smpboot.o
  CC      kernel/cpu/idle.o
  LD      kernel/cpu/built-in.o
  CC      kernel/events/core.o
  CC      kernel/events/ring_buffer.o
  CC      kernel/events/callchain.o
  CC      kernel/events/hw_breakpoint.o
  LD      kernel/events/built-in.o
  CC      kernel/irq/irqdesc.o
  CC      kernel/irq/handle.o
  CC      kernel/irq/manage.o
  CC      kernel/irq/spurious.o
  CC      kernel/irq/resend.o
  CC      kernel/irq/chip.o
  CC      kernel/irq/dummychip.o
  CC      kernel/irq/devres.o
  CC      kernel/irq/autoprobe.o
  CC      kernel/irq/irqdomain.o
  CC      kernel/irq/proc.o
  CC      kernel/irq/pm.o
  LD      kernel/irq/built-in.o
  CC      kernel/power/qos.o
  CC      kernel/power/main.o
  CC      kernel/power/console.o
  CC      kernel/power/process.o
  CC      kernel/power/suspend.o
  CC      kernel/power/suspend_time.o
  CC      kernel/power/poweroff.o
  CC      kernel/power/wakeup_reason.o
  LD      kernel/power/built-in.o
  CC      kernel/sched/core.o
  CC      kernel/sched/clock.o
  CC      kernel/sched/cputime.o
  CC      kernel/sched/idle_task.o
  CC      kernel/sched/fair.o
  CC      kernel/sched/rt.o
  CC      kernel/sched/stop_task.o
  CC      kernel/sched/cpupri.o
  CC      kernel/sched/stats.o
  CC      kernel/sched/debug.o
  CC      kernel/sched/cpuacct.o
  LD      kernel/sched/built-in.o
  CC      kernel/time/timekeeping.o
  CC      kernel/time/ntp.o
  CC      kernel/time/clocksource.o
  CC      kernel/time/jiffies.o
  CC      kernel/time/timer_list.o
  CC      kernel/time/timeconv.o
  CC      kernel/time/posix-clock.o
  CC      kernel/time/alarmtimer.o
  CC      kernel/time/clockevents.o
  CC      kernel/time/tick-common.o
  CC      kernel/time/tick-broadcast.o
  CC      kernel/time/sched_clock.o
  CC      kernel/time/tick-oneshot.o
  CC      kernel/time/tick-sched.o
  CC      kernel/time/timer_stats.o
  LD      kernel/time/built-in.o
  CC      kernel/trace/trace_clock.o
  CC      kernel/trace/ring_buffer.o
  CC      kernel/trace/trace.o
  CC      kernel/trace/trace_output.o
  CC      kernel/trace/trace_stat.o
  CC      kernel/trace/trace_printk.o
  CC      kernel/trace/trace_sched_switch.o
  CC      kernel/trace/trace_irqsoff.o
  CC      kernel/trace/trace_nop.o
  CC      kernel/trace/blktrace.o
  CC      kernel/trace/trace_events.o
  CC      kernel/trace/trace_export.o
  CC      kernel/trace/trace_event_perf.o
  CC      kernel/trace/trace_events_filter.o
  CC      kernel/trace/power-traces.o
  CC      kernel/trace/rpm-traces.o
  LD      kernel/trace/built-in.o
  CC      kernel/freezer.o
  CC      kernel/stacktrace.o
  CC      kernel/futex.o
  CC      kernel/futex_compat.o
  CC      kernel/rtmutex.o
  CC      kernel/smp.o
  CC      kernel/spinlock.o
  CC      kernel/uid16.o
  CC      kernel/module.o
  CC      kernel/kallsyms.o
  CC      kernel/compat.o
  CC      kernel/cgroup.o
  CC      kernel/cgroup_freezer.o
  GZIP    kernel/config_data.gz
  CHK     kernel/config_data.h
  UPD     kernel/config_data.h
  CC      kernel/configs.o
  CC      kernel/res_counter.o
  CC      kernel/stop_machine.o
  CC      kernel/rcutree.o
  CC      kernel/utsname_sysctl.o
  CC      kernel/tracepoint.o
  CC      kernel/elfcore.o
  CC      kernel/irq_work.o
  CC      kernel/cpu_pm.o
  LD      kernel/built-in.o
  CC      mm/filemap.o
  CC      mm/mempool.o
  CC      mm/oom_kill.o
  CC      mm/fadvise.o
  CC      mm/maccess.o
  CC      mm/page_alloc.o
  CC      mm/page-writeback.o
  CC      mm/readahead.o
  CC      mm/swap.o
  CC      mm/truncate.o
  CC      mm/vmscan.o
  CC      mm/shmem.o
  CC      mm/util.o
  CC      mm/mmzone.o
  CC      mm/vmstat.o
  CC      mm/backing-dev.o
  CC      mm/mm_init.o
  CC      mm/mmu_context.o
  CC      mm/percpu.o
  CC      mm/slab_common.o
  CC      mm/compaction.o
  CC      mm/balloon_compaction.o
  CC      mm/interval_tree.o
  CC      mm/fremap.o
  CC      mm/highmem.o
  CC      mm/madvise.o
  CC      mm/memory.o
  CC      mm/mincore.o
  CC      mm/mlock.o
  CC      mm/mmap.o
  CC      mm/mprotect.o
  CC      mm/mremap.o
  CC      mm/msync.o
  CC      mm/rmap.o
  CC      mm/vmalloc.o
  CC      mm/pagewalk.o
  CC      mm/pgtable-generic.o
  CC      mm/process_vm_access.o
  CC      mm/init-mm.o
  CC      mm/nobootmem.o
  CC      mm/memblock.o
  CC      mm/dmapool.o
  CC      mm/sparse.o
  CC      mm/sparse-vmemmap.o
  CC      mm/ksm.o
  CC      mm/slab.o
  CC      mm/migrate.o
  CC      mm/page_isolation.o
  CC      mm/zsmalloc.o
  LD      mm/built-in.o
  CC      fs/open.o
  CC      fs/read_write.o
  CC      fs/file_table.o
  CC      fs/super.o
  CC      fs/char_dev.o
  CC      fs/stat.o
  CC      fs/exec.o
  CC      fs/pipe.o
  CC      fs/namei.o
  CC      fs/fcntl.o
  CC      fs/ioctl.o
  CC      fs/readdir.o
  CC      fs/select.o
  CC      fs/dcache.o
  CC      fs/inode.o
  CC      fs/attr.o
  CC      fs/bad_inode.o
  CC      fs/file.o
  CC      fs/filesystems.o
  CC      fs/namespace.o
  CC      fs/seq_file.o
  CC      fs/xattr.o
  CC      fs/libfs.o
  CC      fs/fs-writeback.o
  CC      fs/pnode.o
  CC      fs/splice.o
  CC      fs/sync.o
  CC      fs/utimes.o
  CC      fs/stack.o
  CC      fs/fs_struct.o
  CC      fs/statfs.o
  CC      fs/buffer.o
  CC      fs/bio.o
  CC      fs/block_dev.o
  CC      fs/direct-io.o
  CC      fs/mpage.o
  CC      fs/ioprio.o
  CC      fs/proc_namespace.o
  LD      fs/cifs/built-in.o
  CC      fs/configfs/inode.o
  CC      fs/configfs/file.o
  CC      fs/configfs/dir.o
  CC      fs/configfs/symlink.o
  CC      fs/configfs/mount.o
  CC      fs/configfs/item.o
  LD      fs/configfs/configfs.o
  LD      fs/configfs/built-in.o
  CC      fs/debugfs/inode.o
  CC      fs/debugfs/file.o
  LD      fs/debugfs/debugfs.o
  LD      fs/debugfs/built-in.o
  CC      fs/devpts/inode.o
  LD      fs/devpts/devpts.o
  LD      fs/devpts/built-in.o
  LD      fs/exofs/built-in.o
  CC      fs/ext2/balloc.o
